<?xml version="1.0" encoding="UTF-8"?>
<testng-results skipped="0" failed="0" ignored="0" total="3" passed="3">
  <reporter-output>
    <line>
      <![CDATA[<div "result">I am on the login page (PASSED : 9s)</div>]]>
    </line>
    <line>
      <![CDATA[<div "result">I should see login fields (PASSED : 0s)</div>]]>
    </line>
    <line>
      <![CDATA[<div "result">I stay on login page (PASSED : 0s)</div>]]>
    </line>
    <line>
      <![CDATA[<div "result">I fill in &quot;Username&quot; with &quot;mngr233239&quot; (PASSED : 2s)</div>]]>
    </line>
    <line>
      <![CDATA[<div "result">I fill in &quot;Password&quot; with &quot;dUhAnAd&quot; (PASSED : 2s)</div>]]>
    </line>
    <line>
      <![CDATA[<div "result">I click on the LogIn button (PASSED : 1s)</div>]]>
    </line>
    <line>
      <![CDATA[<div "result">I am on the MyProfile page on URL &quot;http:&#x2F;&#x2F;demo.guru99.com&#x2F;V1&#x2F;html&#x2F;Managerhomepage.php&quot; (PASSED : 0s)</div>]]>
    </line>
    <line>
      <![CDATA[<div "result">I should see the LogOut button (PASSED : 0s)</div>]]>
    </line>
    <line>
      <![CDATA[<div "result">I close the browser (PASSED : 0s)</div>]]>
    </line>
    <line>
      <![CDATA[<div "result">I am on the login page (PASSED : 8s)</div>]]>
    </line>
    <line>
      <![CDATA[<div "result">I should see login fields (PASSED : 0s)</div>]]>
    </line>
    <line>
      <![CDATA[<div "result">I stay on login page (PASSED : 0s)</div>]]>
    </line>
    <line>
      <![CDATA[<div "result">I fill in &quot;Username&quot; with &quot;mngr233239&quot; (PASSED : 2s)</div>]]>
    </line>
    <line>
      <![CDATA[<div "result">I fill in &quot;Password&quot; with &quot;Incorrect&quot; (PASSED : 2s)</div>]]>
    </line>
    <line>
      <![CDATA[<div "result">I click on the LogIn button (PASSED : 0s)</div>]]>
    </line>
    <line>
      <![CDATA[<div "result">I should get Error screen (PASSED : 2s)</div>]]>
    </line>
    <line>
      <![CDATA[<div "result">I close the browser (PASSED : 4s)</div>]]>
    </line>
    <line>
      <![CDATA[<div "result">I am on the login page (PASSED : 8s)</div>]]>
    </line>
    <line>
      <![CDATA[<div "result">I should see login fields (PASSED : 0s)</div>]]>
    </line>
    <line>
      <![CDATA[<div "result">I stay on login page (PASSED : 0s)</div>]]>
    </line>
    <line>
      <![CDATA[<div "result">I fill in &quot;Username&quot; with &quot;Incorrect&quot; (PASSED : 2s)</div>]]>
    </line>
    <line>
      <![CDATA[<div "result">I fill in &quot;Password&quot; with &quot;dUhAnAd&quot; (PASSED : 2s)</div>]]>
    </line>
    <line>
      <![CDATA[<div "result">I click on the LogIn button (PASSED : 0s)</div>]]>
    </line>
    <line>
      <![CDATA[<div "result">I should get Error screen (PASSED : 2s)</div>]]>
    </line>
    <line>
      <![CDATA[<div "result">I close the browser (PASSED : 4s)</div>]]>
    </line>
  </reporter-output>
  <suite name="RunTest" duration-ms="55213" started-at="2019-11-16T20:32:04Z" finished-at="2019-11-16T20:33:00Z">
    <groups>
    </groups>
    <test name="Command line test" duration-ms="55213" started-at="2019-11-16T20:32:04Z" finished-at="2019-11-16T20:33:00Z">
      <class name="RunTest">
        <test-method status="PASS" signature="setUpClass()[pri:0, instance:RunTest@4590c9c3]" name="setUpClass" is-config="true" duration-ms="147" started-at="2019-11-16T20:32:04Z" finished-at="2019-11-16T20:32:05Z">
          <reporter-output>
          </reporter-output>
        </test-method> <!-- setUpClass -->
        <test-method status="PASS" signature="scenario(cucumber.api.testng.PickleEventWrapper, cucumber.api.testng.CucumberFeatureWrapper)[pri:0, instance:RunTest@4590c9c3]" name="scenario" duration-ms="15311" started-at="2019-11-16T20:32:05Z" description="Runs Cucumber Feature" data-provider="features" finished-at="2019-11-16T20:32:20Z">
          <params>
            <param index="0">
              <value>
                <![CDATA["Successful login"]]>
              </value>
            </param>
            <param index="1">
              <value>
                <![CDATA["Login Profile"]]>
              </value>
            </param>
          </params>
          <reporter-output>
            <line>
              <![CDATA[<div "result">I am on the login page (PASSED : 9s)</div>]]>
            </line>
            <line>
              <![CDATA[<div "result">I should see login fields (PASSED : 0s)</div>]]>
            </line>
            <line>
              <![CDATA[<div "result">I stay on login page (PASSED : 0s)</div>]]>
            </line>
            <line>
              <![CDATA[<div "result">I fill in &quot;Username&quot; with &quot;mngr233239&quot; (PASSED : 2s)</div>]]>
            </line>
            <line>
              <![CDATA[<div "result">I fill in &quot;Password&quot; with &quot;dUhAnAd&quot; (PASSED : 2s)</div>]]>
            </line>
            <line>
              <![CDATA[<div "result">I click on the LogIn button (PASSED : 1s)</div>]]>
            </line>
            <line>
              <![CDATA[<div "result">I am on the MyProfile page on URL &quot;http:&#x2F;&#x2F;demo.guru99.com&#x2F;V1&#x2F;html&#x2F;Managerhomepage.php&quot; (PASSED : 0s)</div>]]>
            </line>
            <line>
              <![CDATA[<div "result">I should see the LogOut button (PASSED : 0s)</div>]]>
            </line>
            <line>
              <![CDATA[<div "result">I close the browser (PASSED : 0s)</div>]]>
            </line>
          </reporter-output>
        </test-method> <!-- scenario -->
        <test-method status="PASS" signature="scenario(cucumber.api.testng.PickleEventWrapper, cucumber.api.testng.CucumberFeatureWrapper)[pri:0, instance:RunTest@4590c9c3]" name="scenario" duration-ms="19916" started-at="2019-11-16T20:32:20Z" description="Runs Cucumber Feature" data-provider="features" finished-at="2019-11-16T20:32:40Z">
          <params>
            <param index="0">
              <value>
                <![CDATA["Failed login using wrong credentials"]]>
              </value>
            </param>
            <param index="1">
              <value>
                <![CDATA["Login Profile"]]>
              </value>
            </param>
          </params>
          <reporter-output>
            <line>
              <![CDATA[<div "result">I am on the login page (PASSED : 8s)</div>]]>
            </line>
            <line>
              <![CDATA[<div "result">I should see login fields (PASSED : 0s)</div>]]>
            </line>
            <line>
              <![CDATA[<div "result">I stay on login page (PASSED : 0s)</div>]]>
            </line>
            <line>
              <![CDATA[<div "result">I fill in &quot;Username&quot; with &quot;mngr233239&quot; (PASSED : 2s)</div>]]>
            </line>
            <line>
              <![CDATA[<div "result">I fill in &quot;Password&quot; with &quot;Incorrect&quot; (PASSED : 2s)</div>]]>
            </line>
            <line>
              <![CDATA[<div "result">I click on the LogIn button (PASSED : 0s)</div>]]>
            </line>
            <line>
              <![CDATA[<div "result">I should get Error screen (PASSED : 2s)</div>]]>
            </line>
            <line>
              <![CDATA[<div "result">I close the browser (PASSED : 4s)</div>]]>
            </line>
          </reporter-output>
        </test-method> <!-- scenario -->
        <test-method status="PASS" signature="scenario(cucumber.api.testng.PickleEventWrapper, cucumber.api.testng.CucumberFeatureWrapper)[pri:0, instance:RunTest@4590c9c3]" name="scenario" duration-ms="19752" started-at="2019-11-16T20:32:40Z" description="Runs Cucumber Feature" data-provider="features" finished-at="2019-11-16T20:33:00Z">
          <params>
            <param index="0">
              <value>
                <![CDATA["Failed login using wrong credentials"]]>
              </value>
            </param>
            <param index="1">
              <value>
                <![CDATA["Login Profile"]]>
              </value>
            </param>
          </params>
          <reporter-output>
            <line>
              <![CDATA[<div "result">I am on the login page (PASSED : 8s)</div>]]>
            </line>
            <line>
              <![CDATA[<div "result">I should see login fields (PASSED : 0s)</div>]]>
            </line>
            <line>
              <![CDATA[<div "result">I stay on login page (PASSED : 0s)</div>]]>
            </line>
            <line>
              <![CDATA[<div "result">I fill in &quot;Username&quot; with &quot;Incorrect&quot; (PASSED : 2s)</div>]]>
            </line>
            <line>
              <![CDATA[<div "result">I fill in &quot;Password&quot; with &quot;dUhAnAd&quot; (PASSED : 2s)</div>]]>
            </line>
            <line>
              <![CDATA[<div "result">I click on the LogIn button (PASSED : 0s)</div>]]>
            </line>
            <line>
              <![CDATA[<div "result">I should get Error screen (PASSED : 2s)</div>]]>
            </line>
            <line>
              <![CDATA[<div "result">I close the browser (PASSED : 4s)</div>]]>
            </line>
          </reporter-output>
        </test-method> <!-- scenario -->
        <test-method status="PASS" signature="tearDownClass()[pri:0, instance:RunTest@4590c9c3]" name="tearDownClass" is-config="true" duration-ms="2" started-at="2019-11-16T20:33:00Z" finished-at="2019-11-16T20:33:00Z">
          <reporter-output>
          </reporter-output>
        </test-method> <!-- tearDownClass -->
      </class> <!-- RunTest -->
    </test> <!-- Command line test -->
  </suite> <!-- RunTest -->
</testng-results>
